==13851== Memcheck, a memory error detector
==13851== Copyright (C) 2002-2017, and GNU GPL'd, by Julian Seward et al.
==13851== Using Valgrind-3.15.0 and LibVEX; rerun with -h for copyright info
==13851== Command: ./a.out
==13851== Parent PID: 12930
==13851== 
==13851== 
==13851== HEAP SUMMARY:
==13851==     in use at exit: 120 bytes in 1 blocks
==13851==   total heap usage: 2 allocs, 1 frees, 1,144 bytes allocated
==13851== 
==13851== LEAK SUMMARY:
==13851==    definitely lost: 0 bytes in 0 blocks
==13851==    indirectly lost: 0 bytes in 0 blocks
==13851==      possibly lost: 0 bytes in 0 blocks
==13851==    still reachable: 120 bytes in 1 blocks
==13851==         suppressed: 0 bytes in 0 blocks
==13851== Reachable blocks (those to which a pointer was found) are not shown.
==13851== To see them, rerun with: --leak-check=full --show-leak-kinds=all
==13851== 
==13851== For lists of detected and suppressed errors, rerun with: -s
==13851== ERROR SUMMARY: 0 errors from 0 contexts (suppressed: 0 from 0)
